<?xml version="1.0" encoding="UTF-8"?>
<!-- Generated by org.testng.reporters.JUnitReportReporter -->
<testsuite name="TestScripts.Booking" tests="2" time="6.797" ignored="2" failures="0" timestamp="08 May 2018 12:54:12 GMT" skipped="0" hostname="LTH202656" errors="0">
  <testcase name="saveHotelReservationForm" time="6.651" classname="TestScripts.Booking"/>
  <testcase name="DeleteHotelReservationForm" time="0.146" classname="TestScripts.Booking"/>
  <testcase name="closebrowser" classname="MainPrgm.Base">
    <skipped/>
  </testcase> <!-- closebrowser -->
  <testcase name="openbrowser" classname="MainPrgm.Base">
    <skipped/>
  </testcase> <!-- openbrowser -->
</testsuite> <!-- TestScripts.Booking -->
