<?xml version="1.0" encoding="UTF-8"?>
<!-- Generated by org.testng.reporters.JUnitReportReporter -->
<testsuite name="TestScripts.Booking$AppTest" tests="1" time="8.059" ignored="0" failures="0" timestamp="01 May 2018 12:59:43 GMT" skipped="0" hostname="LTH202656" errors="0">
  <testcase name="DeleteHotelReservationForm" time="8.059" classname="TestScripts.Booking$AppTest"/>
</testsuite> <!-- TestScripts.Booking$AppTest -->
